<?xml version="1.0" encoding="UTF-8"?>
<coverage generated="1665776821188" clover="3.2.0">
  <project timestamp="1665776821188" name="All files">
    <metrics statements="48" coveredstatements="39" conditionals="12" coveredconditionals="8" methods="17" coveredmethods="12" elements="77" coveredelements="59" complexity="0" loc="48" ncloc="48" packages="3" files="5" classes="5"/>
    <package name="aula">
      <metrics statements="10" coveredstatements="7" conditionals="2" coveredconditionals="0" methods="3" coveredmethods="1"/>
      <file name="index.ts" path="C:\Projects\aula\index.ts">
        <metrics statements="10" coveredstatements="7" conditionals="2" coveredconditionals="0" methods="3" coveredmethods="1"/>
        <line num="5" count="1" type="stmt"/>
        <line num="7" count="1" type="stmt"/>
        <line num="8" count="1" type="stmt"/>
        <line num="10" count="1" type="stmt"/>
        <line num="12" count="1" type="stmt"/>
        <line num="13" count="2" type="stmt"/>
        <line num="16" count="1" type="stmt"/>
        <line num="18" count="0" type="cond" truecount="0" falsecount="2"/>
        <line num="19" count="0" type="stmt"/>
        <line num="20" count="0" type="stmt"/>
      </file>
    </package>
    <package name="aula.src">
      <metrics statements="25" coveredstatements="25" conditionals="8" coveredconditionals="8" methods="8" coveredmethods="8"/>
      <file name="calcual-valor.ts" path="C:\Projects\aula\src\calcual-valor.ts">
        <metrics statements="17" coveredstatements="17" conditionals="6" coveredconditionals="6" methods="5" coveredmethods="5"/>
        <line num="2" count="2" type="stmt"/>
        <line num="6" count="28" type="stmt"/>
        <line num="7" count="28" type="stmt"/>
        <line num="11" count="6" type="cond" truecount="2" falsecount="0"/>
        <line num="12" count="4" type="stmt"/>
        <line num="13" count="4" type="stmt"/>
        <line num="15" count="14" type="stmt"/>
        <line num="16" count="4" type="stmt"/>
        <line num="18" count="4" type="cond" truecount="2" falsecount="0"/>
        <line num="20" count="4" type="cond" truecount="2" falsecount="0"/>
        <line num="21" count="4" type="stmt"/>
        <line num="22" count="4" type="stmt"/>
        <line num="23" count="14" type="stmt"/>
        <line num="24" count="4" type="stmt"/>
        <line num="25" count="4" type="stmt"/>
        <line num="28" count="4" type="stmt"/>
        <line num="30" count="2" type="stmt"/>
      </file>
      <file name="db.ts" path="C:\Projects\aula\src\db.ts">
        <metrics statements="3" coveredstatements="3" conditionals="0" coveredconditionals="0" methods="0" coveredmethods="0"/>
        <line num="5" count="1" type="stmt"/>
        <line num="7" count="1" type="stmt"/>
        <line num="15" count="1" type="stmt"/>
      </file>
      <file name="exemplo-mock.ts" path="C:\Projects\aula\src\exemplo-mock.ts">
        <metrics statements="5" coveredstatements="5" conditionals="2" coveredconditionals="2" methods="3" coveredmethods="3"/>
        <line num="8" count="1" type="stmt"/>
        <line num="9" count="3" type="cond" truecount="2" falsecount="0"/>
        <line num="10" count="2" type="stmt"/>
        <line num="16" count="1" type="stmt"/>
        <line num="17" count="1" type="stmt"/>
      </file>
    </package>
    <package name="aula.test">
      <metrics statements="13" coveredstatements="7" conditionals="2" coveredconditionals="0" methods="6" coveredmethods="3"/>
      <file name="extensoes.ts" path="C:\Projects\aula\test\extensoes.ts">
        <metrics statements="13" coveredstatements="7" conditionals="2" coveredconditionals="0" methods="6" coveredmethods="3"/>
        <line num="3" count="1" type="stmt"/>
        <line num="5" count="3" type="stmt"/>
        <line num="6" count="6" type="stmt"/>
        <line num="8" count="3" type="stmt"/>
        <line num="10" count="3" type="stmt"/>
        <line num="11" count="0" type="stmt"/>
        <line num="17" count="3" type="stmt"/>
        <line num="18" count="0" type="stmt"/>
        <line num="19" count="0" type="cond" truecount="0" falsecount="2"/>
        <line num="20" count="0" type="stmt"/>
        <line num="21" count="0" type="stmt"/>
        <line num="26" count="3" type="stmt"/>
        <line num="27" count="0" type="stmt"/>
      </file>
    </package>
  </project>
</coverage>
