<?xml version="1.0" encoding="UTF-8"?>
<coverage generated="1665260663970" clover="3.2.0">
  <project timestamp="1665260663970" name="All files">
    <metrics statements="45" coveredstatements="37" conditionals="12" coveredconditionals="9" methods="16" coveredmethods="12" elements="73" coveredelements="58" complexity="0" loc="45" ncloc="45" packages="3" files="4" classes="4"/>
    <package name="03-TestComApi02">
      <metrics statements="9" coveredstatements="7" conditionals="2" coveredconditionals="1" methods="2" coveredmethods="1"/>
      <file name="index.ts" path="C:\Users\marce\OneDrive\Documents\IGTI\Aulas Bootcamp Desenvolvedor NODE.JS\Modulo_4\03-TestComApi02\index.ts">
        <metrics statements="9" coveredstatements="7" conditionals="2" coveredconditionals="1" methods="2" coveredmethods="1"/>
        <line num="4" count="1" type="stmt"/>
        <line num="6" count="1" type="stmt"/>
        <line num="7" count="1" type="stmt"/>
        <line num="9" count="1" type="stmt"/>
        <line num="11" count="1" type="stmt"/>
        <line num="12" count="2" type="stmt"/>
        <line num="15" count="1" type="cond" truecount="1" falsecount="1"/>
        <line num="16" count="0" type="stmt"/>
        <line num="17" count="0" type="stmt"/>
      </file>
    </package>
    <package name="03-TestComApi02.src">
      <metrics statements="23" coveredstatements="23" conditionals="8" coveredconditionals="8" methods="8" coveredmethods="8"/>
      <file name="calcual-valor.ts" path="C:\Users\marce\OneDrive\Documents\IGTI\Aulas Bootcamp Desenvolvedor NODE.JS\Modulo_4\03-TestComApi02\src\calcual-valor.ts">
        <metrics statements="17" coveredstatements="17" conditionals="6" coveredconditionals="6" methods="5" coveredmethods="5"/>
        <line num="2" count="2" type="stmt"/>
        <line num="6" count="28" type="stmt"/>
        <line num="7" count="28" type="stmt"/>
        <line num="11" count="6" type="cond" truecount="2" falsecount="0"/>
        <line num="12" count="4" type="stmt"/>
        <line num="13" count="4" type="stmt"/>
        <line num="15" count="14" type="stmt"/>
        <line num="16" count="4" type="stmt"/>
        <line num="18" count="4" type="cond" truecount="2" falsecount="0"/>
        <line num="20" count="4" type="cond" truecount="2" falsecount="0"/>
        <line num="21" count="4" type="stmt"/>
        <line num="22" count="4" type="stmt"/>
        <line num="23" count="14" type="stmt"/>
        <line num="24" count="4" type="stmt"/>
        <line num="25" count="4" type="stmt"/>
        <line num="28" count="4" type="stmt"/>
        <line num="30" count="2" type="stmt"/>
      </file>
      <file name="exemplo-mock.ts" path="C:\Users\marce\OneDrive\Documents\IGTI\Aulas Bootcamp Desenvolvedor NODE.JS\Modulo_4\03-TestComApi02\src\exemplo-mock.ts">
        <metrics statements="6" coveredstatements="6" conditionals="2" coveredconditionals="2" methods="3" coveredmethods="3"/>
        <line num="8" count="1" type="stmt"/>
        <line num="9" count="3" type="stmt"/>
        <line num="10" count="3" type="cond" truecount="2" falsecount="0"/>
        <line num="11" count="2" type="stmt"/>
        <line num="17" count="1" type="stmt"/>
        <line num="18" count="1" type="stmt"/>
      </file>
    </package>
    <package name="03-TestComApi02.test">
      <metrics statements="13" coveredstatements="7" conditionals="2" coveredconditionals="0" methods="6" coveredmethods="3"/>
      <file name="extensoes.ts" path="C:\Users\marce\OneDrive\Documents\IGTI\Aulas Bootcamp Desenvolvedor NODE.JS\Modulo_4\03-TestComApi02\test\extensoes.ts">
        <metrics statements="13" coveredstatements="7" conditionals="2" coveredconditionals="0" methods="6" coveredmethods="3"/>
        <line num="3" count="1" type="stmt"/>
        <line num="5" count="3" type="stmt"/>
        <line num="6" count="6" type="stmt"/>
        <line num="8" count="3" type="stmt"/>
        <line num="10" count="3" type="stmt"/>
        <line num="11" count="0" type="stmt"/>
        <line num="17" count="3" type="stmt"/>
        <line num="18" count="0" type="stmt"/>
        <line num="19" count="0" type="cond" truecount="0" falsecount="2"/>
        <line num="20" count="0" type="stmt"/>
        <line num="21" count="0" type="stmt"/>
        <line num="26" count="3" type="stmt"/>
        <line num="27" count="0" type="stmt"/>
      </file>
    </package>
  </project>
</coverage>
