{"C:\\Users\\marce\\OneDrive\\Documents\\IGTI\\Aulas Bootcamp Desenvolvedor NODE.JS\\Modulo_4\\03-TestComApi02\\index.ts": {"path":"C:\\Users\\marce\\OneDrive\\Documents\\IGTI\\Aulas Bootcamp Desenvolvedor NODE.JS\\Modulo_4\\03-TestComApi02\\index.ts","statementMap":{"0":{"start":{"line":4,"column":0},"end":{"line":4,"column":16}},"1":{"start":{"line":6,"column":21},"end":{"line":6,"column":30}},"2":{"start":{"line":7,"column":13},"end":{"line":7,"column":29}},"3":{"start":{"line":9,"column":0},"end":{"line":9,"column":24}},"4":{"start":{"line":11,"column":0},"end":{"line":13,"column":3}},"5":{"start":{"line":12,"column":2},"end":{"line":12,"column":42}},"6":{"start":{"line":15,"column":0},"end":{"line":19,"column":1}},"7":{"start":{"line":16,"column":2},"end":{"line":18,"column":5}},"8":{"start":{"line":17,"column":4},"end":{"line":17,"column":75}}},"fnMap":{"0":{"name":"(anonymous_0)","decl":{"start":{"line":11,"column":13},"end":{"line":11,"column":14}},"loc":{"start":{"line":11,"column":46},"end":{"line":13,"column":1}},"line":11},"1":{"name":"(anonymous_1)","decl":{"start":{"line":16,"column":19},"end":{"line":16,"column":20}},"loc":{"start":{"line":16,"column":25},"end":{"line":18,"column":3}},"line":16}},"branchMap":{"0":{"loc":{"start":{"line":15,"column":0},"end":{"line":19,"column":1}},"type":"if","locations":[{"start":{"line":15,"column":0},"end":{"line":19,"column":1}},{"start":{},"end":{}}],"line":15}},"s":{"0":1,"1":1,"2":1,"3":1,"4":1,"5":2,"6":1,"7":0,"8":0},"f":{"0":2,"1":0},"b":{"0":[0,1]},"_coverageSchema":"1a1c01bbd47fc00a2c39e90264f33305004495a9","hash":"e2e764a2506015d72f14ec0a92f7a838393c49e9"}
,"C:\\Users\\marce\\OneDrive\\Documents\\IGTI\\Aulas Bootcamp Desenvolvedor NODE.JS\\Modulo_4\\03-TestComApi02\\src\\calcual-valor.ts": {"path":"C:\\Users\\marce\\OneDrive\\Documents\\IGTI\\Aulas Bootcamp Desenvolvedor NODE.JS\\Modulo_4\\03-TestComApi02\\src\\calcual-valor.ts","statementMap":{"0":{"start":{"line":2,"column":2},"end":{"line":2,"column":64}},"1":{"start":{"line":6,"column":19},"end":{"line":6,"column":22}},"2":{"start":{"line":7,"column":2},"end":{"line":7,"column":68}},"3":{"start":{"line":11,"column":2},"end":{"line":31,"column":3}},"4":{"start":{"line":12,"column":26},"end":{"line":12,"column":64}},"5":{"start":{"line":13,"column":22},"end":{"line":13,"column":63}},"6":{"start":{"line":15,"column":25},"end":{"line":15,"column":77}},"7":{"start":{"line":15,"column":68},"end":{"line":15,"column":73}},"8":{"start":{"line":16,"column":20},"end":{"line":16,"column":58}},"9":{"start":{"line":18,"column":18},"end":{"line":18,"column":40}},"10":{"start":{"line":20,"column":12},"end":{"line":20,"column":52}},"11":{"start":{"line":21,"column":4},"end":{"line":26,"column":5}},"12":{"start":{"line":22,"column":6},"end":{"line":22,"column":62}},"13":{"start":{"line":23,"column":6},"end":{"line":23,"column":78}},"14":{"start":{"line":23,"column":67},"end":{"line":23,"column":72}},"15":{"start":{"line":24,"column":6},"end":{"line":24,"column":57}},"16":{"start":{"line":25,"column":6},"end":{"line":25,"column":17}},"17":{"start":{"line":28,"column":4},"end":{"line":28,"column":21}},"18":{"start":{"line":30,"column":4},"end":{"line":30,"column":35}}},"fnMap":{"0":{"name":"calcularMontante","decl":{"start":{"line":1,"column":9},"end":{"line":1,"column":25}},"loc":{"start":{"line":1,"column":74},"end":{"line":3,"column":1}},"line":1},"1":{"name":"arrendondar","decl":{"start":{"line":5,"column":9},"end":{"line":5,"column":20}},"loc":{"start":{"line":5,"column":36},"end":{"line":8,"column":1}},"line":5},"2":{"name":"calcularPrestacoes","decl":{"start":{"line":10,"column":9},"end":{"line":10,"column":27}},"loc":{"start":{"line":10,"column":70},"end":{"line":32,"column":1}},"line":10},"3":{"name":"(anonymous_3)","decl":{"start":{"line":15,"column":42},"end":{"line":15,"column":43}},"loc":{"start":{"line":15,"column":68},"end":{"line":15,"column":73}},"line":15},"4":{"name":"(anonymous_4)","decl":{"start":{"line":23,"column":41},"end":{"line":23,"column":42}},"loc":{"start":{"line":23,"column":67},"end":{"line":23,"column":72}},"line":23}},"branchMap":{"0":{"loc":{"start":{"line":11,"column":2},"end":{"line":31,"column":3}},"type":"if","locations":[{"start":{"line":11,"column":2},"end":{"line":31,"column":3}},{"start":{"line":29,"column":9},"end":{"line":31,"column":3}}],"line":11},"1":{"loc":{"start":{"line":18,"column":18},"end":{"line":18,"column":40}},"type":"cond-expr","locations":[{"start":{"line":18,"column":34},"end":{"line":18,"column":35}},{"start":{"line":18,"column":38},"end":{"line":18,"column":40}}],"line":18},"2":{"loc":{"start":{"line":20,"column":12},"end":{"line":20,"column":52}},"type":"cond-expr","locations":[{"start":{"line":20,"column":28},"end":{"line":20,"column":29}},{"start":{"line":20,"column":32},"end":{"line":20,"column":52}}],"line":20}},"s":{"0":2,"1":28,"2":28,"3":6,"4":4,"5":4,"6":4,"7":14,"8":4,"9":4,"10":4,"11":4,"12":4,"13":4,"14":14,"15":4,"16":4,"17":4,"18":2},"f":{"0":2,"1":28,"2":6,"3":14,"4":14},"b":{"0":[4,2],"1":[2,2],"2":[2,2]},"_coverageSchema":"1a1c01bbd47fc00a2c39e90264f33305004495a9","hash":"acf4268cb99cacbc03bc26575814e4b6ddf46415"}
,"C:\\Users\\marce\\OneDrive\\Documents\\IGTI\\Aulas Bootcamp Desenvolvedor NODE.JS\\Modulo_4\\03-TestComApi02\\src\\exemplo-mock.ts": {"path":"C:\\Users\\marce\\OneDrive\\Documents\\IGTI\\Aulas Bootcamp Desenvolvedor NODE.JS\\Modulo_4\\03-TestComApi02\\src\\exemplo-mock.ts","statementMap":{"0":{"start":{"line":8,"column":2},"end":{"line":13,"column":3}},"1":{"start":{"line":8,"column":15},"end":{"line":8,"column":16}},"2":{"start":{"line":9,"column":4},"end":{"line":9,"column":27}},"3":{"start":{"line":10,"column":4},"end":{"line":12,"column":5}},"4":{"start":{"line":11,"column":6},"end":{"line":11,"column":27}},"5":{"start":{"line":17,"column":2},"end":{"line":19,"column":11}},"6":{"start":{"line":18,"column":4},"end":{"line":18,"column":15}}},"fnMap":{"0":{"name":"realizarParaAdultos","decl":{"start":{"line":7,"column":9},"end":{"line":7,"column":28}},"loc":{"start":{"line":7,"column":84},"end":{"line":14,"column":1}},"line":7},"1":{"name":"aguardarTimer","decl":{"start":{"line":16,"column":9},"end":{"line":16,"column":22}},"loc":{"start":{"line":16,"column":45},"end":{"line":20,"column":1}},"line":16},"2":{"name":"(anonymous_2)","decl":{"start":{"line":17,"column":13},"end":{"line":17,"column":14}},"loc":{"start":{"line":17,"column":19},"end":{"line":19,"column":3}},"line":17}},"branchMap":{"0":{"loc":{"start":{"line":10,"column":4},"end":{"line":12,"column":5}},"type":"if","locations":[{"start":{"line":10,"column":4},"end":{"line":12,"column":5}},{"start":{},"end":{}}],"line":10}},"s":{"0":1,"1":1,"2":3,"3":3,"4":2,"5":1,"6":1},"f":{"0":1,"1":1,"2":1},"b":{"0":[2,1]},"_coverageSchema":"1a1c01bbd47fc00a2c39e90264f33305004495a9","hash":"2e3b2511b058058099d42c530fb6ef193d3ab513"}
,"C:\\Users\\marce\\OneDrive\\Documents\\IGTI\\Aulas Bootcamp Desenvolvedor NODE.JS\\Modulo_4\\03-TestComApi02\\test\\extensoes.ts": {"path":"C:\\Users\\marce\\OneDrive\\Documents\\IGTI\\Aulas Bootcamp Desenvolvedor NODE.JS\\Modulo_4\\03-TestComApi02\\test\\extensoes.ts","statementMap":{"0":{"start":{"line":3,"column":0},"end":{"line":31,"column":3}},"1":{"start":{"line":5,"column":21},"end":{"line":7,"column":5}},"2":{"start":{"line":6,"column":45},"end":{"line":6,"column":50}},"3":{"start":{"line":8,"column":19},"end":{"line":8,"column":62}},"4":{"start":{"line":10,"column":4},"end":{"line":13,"column":6}},"5":{"start":{"line":11,"column":21},"end":{"line":11,"column":66}},"6":{"start":{"line":17,"column":4},"end":{"line":25,"column":5}},"7":{"start":{"line":17,"column":17},"end":{"line":17,"column":18}},"8":{"start":{"line":18,"column":16},"end":{"line":18,"column":21}},"9":{"start":{"line":19,"column":6},"end":{"line":24,"column":7}},"10":{"start":{"line":20,"column":8},"end":{"line":23,"column":10}},"11":{"start":{"line":21,"column":25},"end":{"line":21,"column":66}},"12":{"start":{"line":26,"column":4},"end":{"line":29,"column":6}},"13":{"start":{"line":27,"column":21},"end":{"line":27,"column":62}}},"fnMap":{"0":{"name":"(anonymous_0)","decl":{"start":{"line":4,"column":2},"end":{"line":4,"column":3}},"loc":{"start":{"line":4,"column":38},"end":{"line":14,"column":3}},"line":4},"1":{"name":"(anonymous_1)","decl":{"start":{"line":6,"column":19},"end":{"line":6,"column":20}},"loc":{"start":{"line":6,"column":45},"end":{"line":6,"column":50}},"line":6},"2":{"name":"(anonymous_2)","decl":{"start":{"line":11,"column":15},"end":{"line":11,"column":16}},"loc":{"start":{"line":11,"column":21},"end":{"line":11,"column":66}},"line":11},"3":{"name":"(anonymous_3)","decl":{"start":{"line":16,"column":2},"end":{"line":16,"column":3}},"loc":{"start":{"line":16,"column":25},"end":{"line":30,"column":3}},"line":16},"4":{"name":"(anonymous_4)","decl":{"start":{"line":21,"column":19},"end":{"line":21,"column":20}},"loc":{"start":{"line":21,"column":25},"end":{"line":21,"column":66}},"line":21},"5":{"name":"(anonymous_5)","decl":{"start":{"line":27,"column":15},"end":{"line":27,"column":16}},"loc":{"start":{"line":27,"column":21},"end":{"line":27,"column":62}},"line":27}},"branchMap":{"0":{"loc":{"start":{"line":19,"column":6},"end":{"line":24,"column":7}},"type":"if","locations":[{"start":{"line":19,"column":6},"end":{"line":24,"column":7}},{"start":{},"end":{}}],"line":19}},"s":{"0":1,"1":3,"2":6,"3":3,"4":3,"5":0,"6":3,"7":3,"8":0,"9":0,"10":0,"11":0,"12":3,"13":0},"f":{"0":3,"1":6,"2":0,"3":3,"4":0,"5":0},"b":{"0":[0,0]},"_coverageSchema":"1a1c01bbd47fc00a2c39e90264f33305004495a9","hash":"11ea52e8e44e630ad44f2f1e721c073fbc37be15"}
}
