TN:
SF:index.ts
FN:12,(anonymous_0)
FN:16,(anonymous_1)
FN:19,(anonymous_2)
FNF:3
FNH:1
FNDA:2,(anonymous_0)
FNDA:0,(anonymous_1)
FNDA:0,(anonymous_2)
DA:5,1
DA:7,1
DA:8,1
DA:10,1
DA:12,1
DA:13,2
DA:16,1
DA:18,0
DA:19,0
DA:20,0
LF:10
LH:7
BRDA:18,0,0,0
BRDA:18,0,1,0
BRF:2
BRH:0
end_of_record
TN:
SF:src\calcual-valor.ts
FN:1,calcularMontante
FN:5,arrendondar
FN:10,calcularPrestacoes
FN:15,(anonymous_3)
FN:23,(anonymous_4)
FNF:5
FNH:5
FNDA:2,calcularMontante
FNDA:28,arrendondar
FNDA:6,calcularPrestacoes
FNDA:14,(anonymous_3)
FNDA:14,(anonymous_4)
DA:2,2
DA:6,28
DA:7,28
DA:11,6
DA:12,4
DA:13,4
DA:15,14
DA:16,4
DA:18,4
DA:20,4
DA:21,4
DA:22,4
DA:23,14
DA:24,4
DA:25,4
DA:28,4
DA:30,2
LF:17
LH:17
BRDA:11,0,0,4
BRDA:11,0,1,2
BRDA:18,1,0,2
BRDA:18,1,1,2
BRDA:20,2,0,2
BRDA:20,2,1,2
BRF:6
BRH:6
end_of_record
TN:
SF:src\db.ts
FNF:0
FNH:0
DA:5,1
DA:7,1
DA:15,1
LF:3
LH:3
BRF:0
BRH:0
end_of_record
TN:
SF:src\exemplo-mock.ts
FN:7,realizarParaAdultos
FN:15,aguardarTimer
FN:16,(anonymous_2)
FN:21,somar
FNF:4
FNH:4
FNDA:1,realizarParaAdultos
FNDA:1,aguardarTimer
FNDA:1,(anonymous_2)
FNDA:1,somar
DA:8,1
DA:9,3
DA:10,2
DA:16,1
DA:17,1
DA:22,1
LF:6
LH:6
BRDA:9,0,0,2
BRDA:9,0,1,1
BRF:2
BRH:2
end_of_record
TN:
SF:test\extensoes.ts
FN:4,(anonymous_0)
FN:6,(anonymous_1)
FN:11,(anonymous_2)
FN:16,(anonymous_3)
FN:21,(anonymous_4)
FN:27,(anonymous_5)
FNF:6
FNH:3
FNDA:3,(anonymous_0)
FNDA:6,(anonymous_1)
FNDA:0,(anonymous_2)
FNDA:3,(anonymous_3)
FNDA:0,(anonymous_4)
FNDA:0,(anonymous_5)
DA:3,1
DA:5,3
DA:6,6
DA:8,3
DA:10,3
DA:11,0
DA:17,3
DA:18,0
DA:19,0
DA:20,0
DA:21,0
DA:26,3
DA:27,0
LF:13
LH:7
BRDA:19,0,0,0
BRDA:19,0,1,0
BRF:2
BRH:0
end_of_record
